<?xml version="1.0" encoding="UTF-8"?>
<!-- Generated by org.testng.reporters.JUnitXMLReporter -->
<testsuite ignored="1" hostname="Gsquare" failures="0" tests="2" name="Test" time="68.278" errors="0" timestamp="2023-10-28T12:51:28 IST">
  <testcase classname="com.soucelab.test.Testcase1" name="loginIntoAppWithValidCredentials" time="18.275"/>
  <testcase classname="com.soucelab.test.Testcase1" name="loginIntoAppWithInValidCredentials" time="6.536"/>
  <testcase classname="com.soucelab.test.Testcase1" name="loginIntoApp" time="0.0">
    <ignored/>
  </testcase> <!-- loginIntoApp -->
</testsuite> <!-- Test -->
