<?xml version="1.0" encoding="UTF-8"?>
<!-- Generated by org.testng.reporters.JUnitXMLReporter -->
<testsuite ignored="1" hostname="Gsquare" failures="0" tests="1" name="Test" time="38.146" errors="0" timestamp="2023-08-15T19:02:47 IST">
  <testcase classname="com.soucelab.test.Testcase1" name="loginIntoAppWithInValidCredentials" time="4.682"/>
  <testcase classname="com.soucelab.test.Testcase1" name="loginIntoAppWithValidCredentials" time="0.0">
    <ignored/>
  </testcase> <!-- loginIntoAppWithValidCredentials -->
</testsuite> <!-- Test -->
