<?xml version="1.0" encoding="UTF-8"?>
<!-- Generated by org.testng.reporters.JUnitXMLReporter -->
<testsuite ignored="1" hostname="Gsquare" failures="0" tests="2" name="Test" time="68.596" errors="0" timestamp="2023-11-11T21:57:03 IST">
  <testcase classname="com.soucelab.test.Testcase1" name="loginIntoAppWithValidCredentials" time="17.905"/>
  <testcase classname="com.soucelab.test.Testcase1" name="loginIntoAppWithInValidCredentials" time="5.406"/>
  <testcase classname="com.soucelab.test.Testcase1" name="loginIntoApp" time="0.0">
    <ignored/>
  </testcase> <!-- loginIntoApp -->
</testsuite> <!-- Test -->
