<?xml version="1.0" encoding="UTF-8"?>
<testng-results ignored="0" total="2" passed="2" failed="0" skipped="0">
  <reporter-output>
  </reporter-output>
  <suite started-at="2023-04-27T07:49:04 IST" name="Suite" finished-at="2023-04-27T07:50:01 IST" duration-ms="57389">
    <groups>
    </groups>
    <test started-at="2023-04-27T07:49:04 IST" name="Test" finished-at="2023-04-27T07:50:01 IST" duration-ms="57389">
      <class name="com.soucelab.test.Testcase1">
        <test-method is-config="true" signature="setUpSuite()[pri:0, instance:com.soucelab.test.Testcase1@36bc55de]" started-at="2023-04-27T07:49:04 IST" name="setUpSuite" finished-at="2023-04-27T07:49:04 IST" duration-ms="162" status="PASS">
          <reporter-output>
          </reporter-output>
        </test-method> <!-- setUpSuite -->
        <test-method is-config="true" signature="setupClass(java.lang.String,java.lang.String,java.lang.String,java.lang.String,java.lang.String)[pri:0, instance:com.soucelab.test.Testcase1@36bc55de]" started-at="2023-04-27T07:49:04 IST" name="setupClass" finished-at="2023-04-27T07:49:35 IST" duration-ms="30860" status="PASS">
          <params>
            <param index="0">
              <value>
                <![CDATA[true]]>
              </value>
            </param>
            <param index="1">
              <value>
                <![CDATA[false]]>
              </value>
            </param>
            <param index="2">
              <value>
                <![CDATA[emulator-5554]]>
              </value>
            </param>
            <param index="3">
              <value>
                <![CDATA[androidEmulator]]>
              </value>
            </param>
            <param index="4">
              <value>
                <![CDATA[Android]]>
              </value>
            </param>
          </params>
          <reporter-output>
          </reporter-output>
        </test-method> <!-- setupClass -->
        <test-method is-config="true" signature="launchApp(java.lang.reflect.Method)[pri:0, instance:com.soucelab.test.Testcase1@36bc55de]" started-at="2023-04-27T07:49:35 IST" name="launchApp" finished-at="2023-04-27T07:49:35 IST" duration-ms="320" status="PASS">
          <params>
            <param index="0">
              <value>
                <![CDATA[public void com.soucelab.test.Testcase1.loginIntoAppWithValidCredentials() throws java.lang.InterruptedException]]>
              </value>
            </param>
          </params>
          <reporter-output>
          </reporter-output>
        </test-method> <!-- launchApp -->
        <test-method signature="loginIntoAppWithValidCredentials()[pri:0, instance:com.soucelab.test.Testcase1@36bc55de]" started-at="2023-04-27T07:49:35 IST" name="loginIntoAppWithValidCredentials" finished-at="2023-04-27T07:49:54 IST" duration-ms="18891" status="PASS">
          <reporter-output>
          </reporter-output>
        </test-method> <!-- loginIntoAppWithValidCredentials -->
        <test-method is-config="true" signature="closeApp()[pri:0, instance:com.soucelab.test.Testcase1@36bc55de]" started-at="2023-04-27T07:49:54 IST" name="closeApp" finished-at="2023-04-27T07:49:55 IST" duration-ms="461" status="PASS">
          <reporter-output>
          </reporter-output>
        </test-method> <!-- closeApp -->
        <test-method is-config="true" signature="launchApp(java.lang.reflect.Method)[pri:0, instance:com.soucelab.test.Testcase1@36bc55de]" started-at="2023-04-27T07:49:55 IST" name="launchApp" finished-at="2023-04-27T07:49:55 IST" duration-ms="364" status="PASS">
          <params>
            <param index="0">
              <value>
                <![CDATA[public void com.soucelab.test.Testcase1.loginIntoAppWithInValidCredentials()]]>
              </value>
            </param>
          </params>
          <reporter-output>
          </reporter-output>
        </test-method> <!-- launchApp -->
        <test-method signature="loginIntoAppWithInValidCredentials()[pri:0, instance:com.soucelab.test.Testcase1@36bc55de]" started-at="2023-04-27T07:49:55 IST" name="loginIntoAppWithInValidCredentials" finished-at="2023-04-27T07:50:01 IST" duration-ms="5708" status="PASS">
          <reporter-output>
          </reporter-output>
        </test-method> <!-- loginIntoAppWithInValidCredentials -->
        <test-method is-config="true" signature="closeApp()[pri:0, instance:com.soucelab.test.Testcase1@36bc55de]" started-at="2023-04-27T07:50:01 IST" name="closeApp" finished-at="2023-04-27T07:50:01 IST" duration-ms="438" status="PASS">
          <reporter-output>
          </reporter-output>
        </test-method> <!-- closeApp -->
        <test-method is-config="true" signature="tearDownClass()[pri:0, instance:com.soucelab.test.Testcase1@36bc55de]" started-at="2023-04-27T07:50:01 IST" name="tearDownClass" finished-at="2023-04-27T07:50:01 IST" duration-ms="315" status="PASS">
          <reporter-output>
          </reporter-output>
        </test-method> <!-- tearDownClass -->
        <test-method is-config="true" signature="tearDownSuite()[pri:0, instance:com.soucelab.test.Testcase1@36bc55de]" started-at="2023-04-27T07:50:01 IST" name="tearDownSuite" finished-at="2023-04-27T07:50:02 IST" duration-ms="511" status="PASS">
          <reporter-output>
          </reporter-output>
        </test-method> <!-- tearDownSuite -->
      </class> <!-- com.soucelab.test.Testcase1 -->
    </test> <!-- Test -->
  </suite> <!-- Suite -->
</testng-results>
