<?xml version="1.0" encoding="UTF-8"?>
<testng-results ignored="1" total="3" passed="2" failed="0" skipped="0">
  <reporter-output>
  </reporter-output>
  <suite started-at="2023-11-11T21:55:54 IST" name="Suite" finished-at="2023-11-11T21:57:03 IST" duration-ms="68596">
    <groups>
    </groups>
    <test started-at="2023-11-11T21:55:54 IST" name="Test" finished-at="2023-11-11T21:57:03 IST" duration-ms="68596">
      <class name="com.soucelab.test.Testcase1">
        <test-method is-config="true" signature="setUpSuite()[pri:0, instance:com.soucelab.test.Testcase1@564fabc8]" started-at="2023-11-11T21:55:54 IST" name="setUpSuite" finished-at="2023-11-11T21:55:54 IST" duration-ms="197" status="PASS">
          <reporter-output>
          </reporter-output>
        </test-method> <!-- setUpSuite -->
        <test-method is-config="true" signature="setupClass(java.lang.String,java.lang.String,java.lang.String,java.lang.String,java.lang.String)[pri:0, instance:com.soucelab.test.Testcase1@564fabc8]" started-at="2023-11-11T21:55:55 IST" name="setupClass" finished-at="2023-11-11T21:56:37 IST" duration-ms="42778" status="PASS">
          <params>
            <param index="0">
              <value>
                <![CDATA[true]]>
              </value>
            </param>
            <param index="1">
              <value>
                <![CDATA[false]]>
              </value>
            </param>
            <param index="2">
              <value>
                <![CDATA[emulator-5554]]>
              </value>
            </param>
            <param index="3">
              <value>
                <![CDATA[emulator-5554]]>
              </value>
            </param>
            <param index="4">
              <value>
                <![CDATA[Android]]>
              </value>
            </param>
          </params>
          <reporter-output>
          </reporter-output>
        </test-method> <!-- setupClass -->
        <test-method is-config="true" signature="launchApp(java.lang.reflect.Method)[pri:0, instance:com.soucelab.test.Testcase1@564fabc8]" started-at="2023-11-11T21:56:37 IST" name="launchApp" finished-at="2023-11-11T21:56:38 IST" duration-ms="857" status="PASS">
          <params>
            <param index="0">
              <value>
                <![CDATA[public void com.soucelab.test.Testcase1.loginIntoAppWithValidCredentials() throws java.lang.InterruptedException]]>
              </value>
            </param>
          </params>
          <reporter-output>
          </reporter-output>
        </test-method> <!-- launchApp -->
        <test-method signature="loginIntoAppWithValidCredentials()[pri:0, instance:com.soucelab.test.Testcase1@564fabc8]" started-at="2023-11-11T21:56:38 IST" name="loginIntoAppWithValidCredentials" finished-at="2023-11-11T21:56:56 IST" duration-ms="17905" status="PASS">
          <reporter-output>
          </reporter-output>
        </test-method> <!-- loginIntoAppWithValidCredentials -->
        <test-method is-config="true" signature="closeApp()[pri:0, instance:com.soucelab.test.Testcase1@564fabc8]" started-at="2023-11-11T21:56:56 IST" name="closeApp" finished-at="2023-11-11T21:56:57 IST" duration-ms="508" status="PASS">
          <reporter-output>
          </reporter-output>
        </test-method> <!-- closeApp -->
        <test-method is-config="true" signature="launchApp(java.lang.reflect.Method)[pri:0, instance:com.soucelab.test.Testcase1@564fabc8]" started-at="2023-11-11T21:56:57 IST" name="launchApp" finished-at="2023-11-11T21:56:57 IST" duration-ms="367" status="PASS">
          <params>
            <param index="0">
              <value>
                <![CDATA[public void com.soucelab.test.Testcase1.loginIntoAppWithInValidCredentials()]]>
              </value>
            </param>
          </params>
          <reporter-output>
          </reporter-output>
        </test-method> <!-- launchApp -->
        <test-method signature="loginIntoAppWithInValidCredentials()[pri:0, instance:com.soucelab.test.Testcase1@564fabc8]" started-at="2023-11-11T21:56:57 IST" name="loginIntoAppWithInValidCredentials" finished-at="2023-11-11T21:57:02 IST" duration-ms="5406" status="PASS">
          <reporter-output>
          </reporter-output>
        </test-method> <!-- loginIntoAppWithInValidCredentials -->
        <test-method is-config="true" signature="closeApp()[pri:0, instance:com.soucelab.test.Testcase1@564fabc8]" started-at="2023-11-11T21:57:02 IST" name="closeApp" finished-at="2023-11-11T21:57:03 IST" duration-ms="420" status="PASS">
          <reporter-output>
          </reporter-output>
        </test-method> <!-- closeApp -->
        <test-method is-config="true" signature="tearDownClass()[pri:0, instance:com.soucelab.test.Testcase1@564fabc8]" started-at="2023-11-11T21:57:03 IST" name="tearDownClass" finished-at="2023-11-11T21:57:03 IST" duration-ms="332" status="PASS">
          <reporter-output>
          </reporter-output>
        </test-method> <!-- tearDownClass -->
        <test-method is-config="true" signature="tearDownSuite()[pri:0, instance:com.soucelab.test.Testcase1@564fabc8]" started-at="2023-11-11T21:57:03 IST" name="tearDownSuite" finished-at="2023-11-11T21:57:03 IST" duration-ms="289" status="PASS">
          <reporter-output>
          </reporter-output>
        </test-method> <!-- tearDownSuite -->
      </class> <!-- com.soucelab.test.Testcase1 -->
    </test> <!-- Test -->
  </suite> <!-- Suite -->
</testng-results>
