<?xml version="1.0" encoding="UTF-8" ?>
<testsuite tests="8" failures="1" name="com.soucelab.test.Testcase1" time="10.709" errors="0" skipped="7">
  <properties>
[...]
</properties>
  <testcase classname="com.soucelab.test.Testcase1" name="setupClass" time="5.346">
    <failure message="
Parameter &apos;grantPermissions&apos; is required by BeforeClass on method setupClass but has not been marked @Optional or defined
" type="org.testng.TestNGException">org.testng.TestNGException: 
Parameter &apos;grantPermissions&apos; is required by BeforeClass on method setupClass but has not been marked @Optional or defined

	at org.testng.internal.Parameters.createParams(Parameters.java:270)
	at org.testng.internal.Parameters.createParametersForMethod(Parameters.java:358)
	at org.testng.internal.Parameters.createParameters(Parameters.java:700)
	at org.testng.internal.Parameters.createConfigurationParameters(Parameters.java:168)
	at org.testng.internal.ConfigInvoker.invokeConfigurations(ConfigInvoker.java:302)
	at org.testng.internal.TestMethodWorker.invokeBeforeClassMethods(TestMethodWorker.java:176)
	at org.testng.internal.TestMethodWorker.run(TestMethodWorker.java:122)
	at java.base/java.util.ArrayList.forEach(ArrayList.java:1511)
	at org.testng.TestRunner.privateRun(TestRunner.java:794)
	at org.testng.TestRunner.run(TestRunner.java:596)
	at org.testng.SuiteRunner.runTest(SuiteRunner.java:377)
	at org.testng.SuiteRunner.runSequentially(SuiteRunner.java:371)
	at org.testng.SuiteRunner.privateRun(SuiteRunner.java:332)
	at org.testng.SuiteRunner.run(SuiteRunner.java:276)
	at org.testng.SuiteRunnerWorker.runSuite(SuiteRunnerWorker.java:53)
	at org.testng.SuiteRunnerWorker.run(SuiteRunnerWorker.java:96)
	at org.testng.TestNG.runSuitesSequentially(TestNG.java:1212)
	at org.testng.TestNG.runSuitesLocally(TestNG.java:1134)
	at org.testng.TestNG.runSuites(TestNG.java:1063)
	at org.testng.TestNG.run(TestNG.java:1031)
	at org.apache.maven.surefire.testng.TestNGExecutor.run(TestNGExecutor.java:77)
	at org.apache.maven.surefire.testng.TestNGDirectoryTestSuite.execute(TestNGDirectoryTestSuite.java:110)
	at org.apache.maven.surefire.testng.TestNGProvider.invoke(TestNGProvider.java:106)
	at java.base/jdk.internal.reflect.NativeMethodAccessorImpl.invoke0(Native Method)
	at java.base/jdk.internal.reflect.NativeMethodAccessorImpl.invoke(NativeMethodAccessorImpl.java:64)
	at java.base/jdk.internal.reflect.DelegatingMethodAccessorImpl.invoke(DelegatingMethodAccessorImpl.java:43)
	at java.base/java.lang.reflect.Method.invoke(Method.java:564)
	at org.apache.maven.surefire.util.ReflectionUtils.invokeMethodWithArray(ReflectionUtils.java:189)
	at org.apache.maven.surefire.booter.ProviderFactory$ProviderProxy.invoke(ProviderFactory.java:165)
	at org.apache.maven.surefire.booter.ProviderFactory.invokeProvider(ProviderFactory.java:85)
	at org.apache.maven.surefire.booter.ForkedBooter.runSuitesInProcess(ForkedBooter.java:115)
	at org.apache.maven.surefire.booter.ForkedBooter.main(ForkedBooter.java:75)
</failure>
    <system-out>Configuring TestNG with: org.apache.maven.surefire.testng.conf.TestNG652Configurator@19dfb72a
Failed to read from application.properties file.
Failed to read from application.properties file.
Failed to read from application.properties file.
Failed to read from application.properties file.
Failed to read from application.properties file.
Failed to read from application.properties file.
</system-out>
  </testcase>
  <testcase classname="com.soucelab.test.Testcase1" name="launchApp" time="5.351">
    <skipped/>
  </testcase>
  <testcase classname="com.soucelab.test.Testcase1" name="loginIntoAppWithInValidCredentials" time="0.003">
    <skipped/>
  </testcase>
  <testcase classname="com.soucelab.test.Testcase1" name="closeApp" time="0.003">
    <skipped/>
  </testcase>
  <testcase classname="com.soucelab.test.Testcase1" name="launchApp" time="0.004">
    <skipped/>
  </testcase>
  <testcase classname="com.soucelab.test.Testcase1" name="loginIntoAppWithValidCredentials" time="0">
    <skipped/>
  </testcase>
  <testcase classname="com.soucelab.test.Testcase1" name="closeApp" time="0.001">
    <skipped/>
  </testcase>
  <testcase classname="com.soucelab.test.Testcase1" name="tearDownClass" time="0.001">
    <skipped/>
  </testcase>
</testsuite>