<?xml version="1.0" encoding="UTF-8"?>
<testng-results ignored="1" total="3" passed="2" failed="0" skipped="0">
  <reporter-output>
  </reporter-output>
  <suite started-at="2023-10-28T12:50:19 IST" name="Suite" finished-at="2023-10-28T12:51:28 IST" duration-ms="68278">
    <groups>
    </groups>
    <test started-at="2023-10-28T12:50:19 IST" name="Test" finished-at="2023-10-28T12:51:28 IST" duration-ms="68278">
      <class name="com.soucelab.test.Testcase1">
        <test-method is-config="true" signature="setUpSuite()[pri:0, instance:com.soucelab.test.Testcase1@408d971b]" started-at="2023-10-28T12:50:19 IST" name="setUpSuite" finished-at="2023-10-28T12:50:19 IST" duration-ms="178" status="PASS">
          <reporter-output>
          </reporter-output>
        </test-method> <!-- setUpSuite -->
        <test-method is-config="true" signature="setupClass(java.lang.String,java.lang.String,java.lang.String,java.lang.String,java.lang.String)[pri:0, instance:com.soucelab.test.Testcase1@408d971b]" started-at="2023-10-28T12:50:19 IST" name="setupClass" finished-at="2023-10-28T12:50:59 IST" duration-ms="39886" status="PASS">
          <params>
            <param index="0">
              <value>
                <![CDATA[true]]>
              </value>
            </param>
            <param index="1">
              <value>
                <![CDATA[false]]>
              </value>
            </param>
            <param index="2">
              <value>
                <![CDATA[emulator-5554]]>
              </value>
            </param>
            <param index="3">
              <value>
                <![CDATA[emulator-5554]]>
              </value>
            </param>
            <param index="4">
              <value>
                <![CDATA[Android]]>
              </value>
            </param>
          </params>
          <reporter-output>
          </reporter-output>
        </test-method> <!-- setupClass -->
        <test-method is-config="true" signature="launchApp(java.lang.reflect.Method)[pri:0, instance:com.soucelab.test.Testcase1@408d971b]" started-at="2023-10-28T12:50:59 IST" name="launchApp" finished-at="2023-10-28T12:51:00 IST" duration-ms="519" status="PASS">
          <params>
            <param index="0">
              <value>
                <![CDATA[public void com.soucelab.test.Testcase1.loginIntoAppWithValidCredentials() throws java.lang.InterruptedException]]>
              </value>
            </param>
          </params>
          <reporter-output>
          </reporter-output>
        </test-method> <!-- launchApp -->
        <test-method signature="loginIntoAppWithValidCredentials()[pri:0, instance:com.soucelab.test.Testcase1@408d971b]" started-at="2023-10-28T12:51:00 IST" name="loginIntoAppWithValidCredentials" finished-at="2023-10-28T12:51:18 IST" duration-ms="18275" status="PASS">
          <reporter-output>
          </reporter-output>
        </test-method> <!-- loginIntoAppWithValidCredentials -->
        <test-method is-config="true" signature="closeApp()[pri:0, instance:com.soucelab.test.Testcase1@408d971b]" started-at="2023-10-28T12:51:18 IST" name="closeApp" finished-at="2023-10-28T12:51:19 IST" duration-ms="843" status="PASS">
          <reporter-output>
          </reporter-output>
        </test-method> <!-- closeApp -->
        <test-method is-config="true" signature="launchApp(java.lang.reflect.Method)[pri:0, instance:com.soucelab.test.Testcase1@408d971b]" started-at="2023-10-28T12:51:19 IST" name="launchApp" finished-at="2023-10-28T12:51:20 IST" duration-ms="740" status="PASS">
          <params>
            <param index="0">
              <value>
                <![CDATA[public void com.soucelab.test.Testcase1.loginIntoAppWithInValidCredentials()]]>
              </value>
            </param>
          </params>
          <reporter-output>
          </reporter-output>
        </test-method> <!-- launchApp -->
        <test-method signature="loginIntoAppWithInValidCredentials()[pri:0, instance:com.soucelab.test.Testcase1@408d971b]" started-at="2023-10-28T12:51:20 IST" name="loginIntoAppWithInValidCredentials" finished-at="2023-10-28T12:51:26 IST" duration-ms="6536" status="PASS">
          <reporter-output>
          </reporter-output>
        </test-method> <!-- loginIntoAppWithInValidCredentials -->
        <test-method is-config="true" signature="closeApp()[pri:0, instance:com.soucelab.test.Testcase1@408d971b]" started-at="2023-10-28T12:51:26 IST" name="closeApp" finished-at="2023-10-28T12:51:27 IST" duration-ms="787" status="PASS">
          <reporter-output>
          </reporter-output>
        </test-method> <!-- closeApp -->
        <test-method is-config="true" signature="tearDownClass()[pri:0, instance:com.soucelab.test.Testcase1@408d971b]" started-at="2023-10-28T12:51:27 IST" name="tearDownClass" finished-at="2023-10-28T12:51:28 IST" duration-ms="661" status="PASS">
          <reporter-output>
          </reporter-output>
        </test-method> <!-- tearDownClass -->
        <test-method is-config="true" signature="tearDownSuite()[pri:0, instance:com.soucelab.test.Testcase1@408d971b]" started-at="2023-10-28T12:51:28 IST" name="tearDownSuite" finished-at="2023-10-28T12:51:28 IST" duration-ms="450" status="PASS">
          <reporter-output>
          </reporter-output>
        </test-method> <!-- tearDownSuite -->
      </class> <!-- com.soucelab.test.Testcase1 -->
    </test> <!-- Test -->
  </suite> <!-- Suite -->
</testng-results>
