<?xml version="1.0" encoding="UTF-8"?>
<testng-results ignored="0" total="2" passed="2" failed="0" skipped="0">
  <reporter-output>
  </reporter-output>
  <suite started-at="2023-04-29T12:26:31 IST" name="Suite" finished-at="2023-04-29T12:27:53 IST" duration-ms="82810">
    <groups>
    </groups>
    <test started-at="2023-04-29T12:26:31 IST" name="Test" finished-at="2023-04-29T12:27:53 IST" duration-ms="82810">
      <class name="com.soucelab.test.Testcase1">
        <test-method is-config="true" signature="setUpSuite()[pri:0, instance:com.soucelab.test.Testcase1@557caf28]" started-at="2023-04-29T12:26:30 IST" name="setUpSuite" finished-at="2023-04-29T12:26:31 IST" duration-ms="227" status="PASS">
          <reporter-output>
          </reporter-output>
        </test-method> <!-- setUpSuite -->
        <test-method is-config="true" signature="setupClass(java.lang.String,java.lang.String,java.lang.String,java.lang.String,java.lang.String)[pri:0, instance:com.soucelab.test.Testcase1@557caf28]" started-at="2023-04-29T12:26:31 IST" name="setupClass" finished-at="2023-04-29T12:27:19 IST" duration-ms="48809" status="PASS">
          <params>
            <param index="0">
              <value>
                <![CDATA[true]]>
              </value>
            </param>
            <param index="1">
              <value>
                <![CDATA[false]]>
              </value>
            </param>
            <param index="2">
              <value>
                <![CDATA[emulator-5554]]>
              </value>
            </param>
            <param index="3">
              <value>
                <![CDATA[androidEmulator]]>
              </value>
            </param>
            <param index="4">
              <value>
                <![CDATA[Android]]>
              </value>
            </param>
          </params>
          <reporter-output>
          </reporter-output>
        </test-method> <!-- setupClass -->
        <test-method is-config="true" signature="launchApp(java.lang.reflect.Method)[pri:0, instance:com.soucelab.test.Testcase1@557caf28]" started-at="2023-04-29T12:27:19 IST" name="launchApp" finished-at="2023-04-29T12:27:20 IST" duration-ms="912" status="PASS">
          <params>
            <param index="0">
              <value>
                <![CDATA[public void com.soucelab.test.Testcase1.loginIntoAppWithValidCredentials() throws java.lang.InterruptedException]]>
              </value>
            </param>
          </params>
          <reporter-output>
          </reporter-output>
        </test-method> <!-- launchApp -->
        <test-method signature="loginIntoAppWithValidCredentials()[pri:0, instance:com.soucelab.test.Testcase1@557caf28]" started-at="2023-04-29T12:27:20 IST" name="loginIntoAppWithValidCredentials" finished-at="2023-04-29T12:27:42 IST" duration-ms="21716" status="PASS">
          <reporter-output>
          </reporter-output>
        </test-method> <!-- loginIntoAppWithValidCredentials -->
        <test-method is-config="true" signature="closeApp()[pri:0, instance:com.soucelab.test.Testcase1@557caf28]" started-at="2023-04-29T12:27:42 IST" name="closeApp" finished-at="2023-04-29T12:27:44 IST" duration-ms="1744" status="PASS">
          <reporter-output>
          </reporter-output>
        </test-method> <!-- closeApp -->
        <test-method is-config="true" signature="launchApp(java.lang.reflect.Method)[pri:0, instance:com.soucelab.test.Testcase1@557caf28]" started-at="2023-04-29T12:27:44 IST" name="launchApp" finished-at="2023-04-29T12:27:44 IST" duration-ms="459" status="PASS">
          <params>
            <param index="0">
              <value>
                <![CDATA[public void com.soucelab.test.Testcase1.loginIntoAppWithInValidCredentials()]]>
              </value>
            </param>
          </params>
          <reporter-output>
          </reporter-output>
        </test-method> <!-- launchApp -->
        <test-method signature="loginIntoAppWithInValidCredentials()[pri:0, instance:com.soucelab.test.Testcase1@557caf28]" started-at="2023-04-29T12:27:44 IST" name="loginIntoAppWithInValidCredentials" finished-at="2023-04-29T12:27:52 IST" duration-ms="8006" status="PASS">
          <reporter-output>
          </reporter-output>
        </test-method> <!-- loginIntoAppWithInValidCredentials -->
        <test-method is-config="true" signature="closeApp()[pri:0, instance:com.soucelab.test.Testcase1@557caf28]" started-at="2023-04-29T12:27:52 IST" name="closeApp" finished-at="2023-04-29T12:27:53 IST" duration-ms="840" status="PASS">
          <reporter-output>
          </reporter-output>
        </test-method> <!-- closeApp -->
        <test-method is-config="true" signature="tearDownClass()[pri:0, instance:com.soucelab.test.Testcase1@557caf28]" started-at="2023-04-29T12:27:53 IST" name="tearDownClass" finished-at="2023-04-29T12:27:53 IST" duration-ms="285" status="PASS">
          <reporter-output>
          </reporter-output>
        </test-method> <!-- tearDownClass -->
        <test-method is-config="true" signature="tearDownSuite()[pri:0, instance:com.soucelab.test.Testcase1@557caf28]" started-at="2023-04-29T12:27:53 IST" name="tearDownSuite" finished-at="2023-04-29T12:27:54 IST" duration-ms="380" status="PASS">
          <reporter-output>
          </reporter-output>
        </test-method> <!-- tearDownSuite -->
      </class> <!-- com.soucelab.test.Testcase1 -->
    </test> <!-- Test -->
  </suite> <!-- Suite -->
</testng-results>
